#
# There is insufficient memory for the Java Runtime Environment to continue.
# Native memory allocation (mmap) failed to map 266338304 bytes. Error detail: G1 virtual space
# Possible reasons:
#   The system is out of physical RAM or swap space
#   This process is running with CompressedOops enabled, and the Java Heap may be blocking the growth of the native heap
# Possible solutions:
#   Reduce memory load on the system
#   Increase physical memory or swap space
#   Check if swap backing store is full
#   Decrease Java heap size (-Xmx/-Xms)
#   Decrease number of Java threads
#   Decrease Java thread stack sizes (-Xss)
#   Set larger code cache with -XX:ReservedCodeCacheSize=
#   JVM is running with Zero Based Compressed Oops mode in which the Java heap is
#     placed in the first 32GB address space. The Java Heap base address is the
#     maximum limit for the native heap growth. Please use -XX:HeapBaseMinAddress
#     to set the Java Heap base and to place the Java Heap above 32GB virtual address.
# This output file may be truncated or incomplete.
#
#  Out of Memory Error (os_windows.cpp:3707), pid=29132, tid=26080
#
# JRE version:  (23.0.2+7) (build )
# Java VM: Java HotSpot(TM) 64-Bit Server VM (23.0.2+7-58, mixed mode, sharing, tiered, compressed oops, compressed class ptrs, g1 gc, windows-amd64)
# No core dump will be written. Minidumps are not enabled by default on client versions of Windows
#

---------------  S U M M A R Y ------------

Command Line: -Dnet.bytebuddy.agent.attacher.dump= net.bytebuddy.agent.Attacher com.sun.tools.attach.VirtualMachine 2156 C:\Users\Peter\.m2\repository\net\bytebuddy\byte-buddy-agent\1.15.11\byte-buddy-agent-1.15.11.jar false 

Host: Intel(R) Core(TM) i7-10750H CPU @ 2.60GHz, 12 cores, 15G,  Windows 11 , 64 bit Build 26100 (10.0.26100.3037)
Time: Sat Mar  1 17:08:41 2025 Egypt Standard Time elapsed time: 2.114720 seconds (0d 0h 0m 2s)

---------------  T H R E A D  ---------------

Current thread (0x000002b821b81630):  JavaThread "Unknown thread" [_thread_in_vm, id=26080, stack(0x000000e6ff500000,0x000000e6ff600000) (1024K)]

Stack: [0x000000e6ff500000,0x000000e6ff600000]
Native frames: (J=compiled Java code, j=interpreted, Vv=VM code, C=native code)
V  [jvm.dll+0x6e0b99]  (no source info available)
V  [jvm.dll+0x87e2b3]  (no source info available)
V  [jvm.dll+0x88073e]  (no source info available)
V  [jvm.dll+0x880e13]  (no source info available)
V  [jvm.dll+0x27b006]  (no source info available)
V  [jvm.dll+0x6dd485]  (no source info available)
V  [jvm.dll+0x6d127a]  (no source info available)
V  [jvm.dll+0x35b50a]  (no source info available)
V  [jvm.dll+0x363916]  (no source info available)
V  [jvm.dll+0x34fe7e]  (no source info available)
V  [jvm.dll+0x350118]  (no source info available)
V  [jvm.dll+0x328aec]  (no source info available)
V  [jvm.dll+0x32978e]  (no source info available)
V  [jvm.dll+0x8449a5]  (no source info available)
V  [jvm.dll+0x3b9a08]  (no source info available)
V  [jvm.dll+0x82d68c]  (no source info available)
V  [jvm.dll+0x454f2e]  (no source info available)
V  [jvm.dll+0x456db1]  (no source info available)
C  [jli.dll+0x52a3]  (no source info available)
C  [ucrtbase.dll+0x37b0]  (no source info available)
C  [KERNEL32.DLL+0x2e8d7]  (no source info available)
C  [ntdll.dll+0xbbf2c]  (no source info available)

Lock stack of current Java thread (top to bottom):


---------------  P R O C E S S  ---------------

Threads class SMR info:
_java_thread_list=0x00007ffc5c984618, length=0, elements={
}

Java Threads: ( => current thread )
Total: 0

Other Threads:
  0x000002b823f98b10 WorkerThread "GC Thread#0"                     [id=29200, stack(0x000000e6ff600000,0x000000e6ff700000) (1024K)]
  0x000002b823fec010 ConcurrentGCThread "G1 Main Marker"            [id=24684, stack(0x000000e6ff700000,0x000000e6ff800000) (1024K)]
  0x000002b823fed2c0 WorkerThread "G1 Conc#0"                       [id=24460, stack(0x000000e6ff800000,0x000000e6ff900000) (1024K)]

[error occurred during error reporting (printing all threads), id 0xc0000005, EXCEPTION_ACCESS_VIOLATION (0xc0000005) at pc=0x00007ffc5c0cc0da]
VM state: not at safepoint (not fully initialized)

VM Mutex/Monitor currently owned by a thread:  ([mutex/lock_event])
[0x00007ffc5ca04988] Heap_lock - owner thread: 0x000002b821b81630

Heap address: 0x0000000702c00000, size: 4052 MB, Compressed Oops mode: Zero based, Oop shift amount: 3

CDS archive(s) mapped at: [0x0000000000000000-0x0000000000000000-0x0000000000000000), size 0, SharedBaseAddress: 0x0000000800000000, ArchiveRelocationMode: 1.
Narrow klass base: 0x0000000000000000, Narrow klass shift: 0, Narrow klass range: 0x0

GC Precious Log:
 CardTable entry size: 512
 Card Set container configuration: InlinePtr #cards 4 size 8 Array Of Cards #cards 16 size 48 Howl #buckets 8 coarsen threshold 3686 Howl Bitmap #cards 512 size 80 coarsen threshold 460 Card regions per heap region 1 cards per card region 4096

Heap:
 garbage-first heap   total reserved 4149248K, committed 0K, used 0K [0x0000000702c00000, 0x0000000800000000)
  region size 2048K, 0 young (0K), 0 survivors (0K)

[error occurred during error reporting (printing heap information), id 0xc0000005, EXCEPTION_ACCESS_VIOLATION (0xc0000005) at pc=0x00007ffc5c4cc6a9]
GC Heap History (0 events):
No events

Dll operation events (1 events):
Event: 0.008 Loaded shared library C:\Program Files\Java\jdk-23\bin\java.dll

Deoptimization events (0 events):
No events

Classes loaded (0 events):
No events

Classes unloaded (0 events):
No events

Classes redefined (0 events):
No events

Internal exceptions (0 events):
No events

VM Operations (0 events):
No events

Memory protections (0 events):
No events

Nmethod flushes (0 events):
No events

Events (0 events):
No events


Dynamic libraries:
0x00007ff75f470000 - 0x00007ff75f480000 	C:\Program Files\Java\jdk-23\bin\java.exe
0x00007ffd10840000 - 0x00007ffd10aa3000 	C:\WINDOWS\SYSTEM32\ntdll.dll
0x00007ffce5a50000 - 0x00007ffce5a6a000 	C:\Program Files\Norton\Suite\aswhook.dll
0x00007ffd0e680000 - 0x00007ffd0e747000 	C:\WINDOWS\System32\KERNEL32.DLL
0x00007ffd0e150000 - 0x00007ffd0e517000 	C:\WINDOWS\System32\KERNELBASE.dll
0x00007ffd0dbe0000 - 0x00007ffd0dd2c000 	C:\WINDOWS\System32\ucrtbase.dll
0x00007ffcf05a0000 - 0x00007ffcf05b7000 	C:\Program Files\Java\jdk-23\bin\jli.dll
0x00007ffcece90000 - 0x00007ffceceab000 	C:\Program Files\Java\jdk-23\bin\VCRUNTIME140.dll
0x00007ffd101c0000 - 0x00007ffd10389000 	C:\WINDOWS\System32\USER32.dll
0x00007ffcf50f0000 - 0x00007ffcf5380000 	C:\WINDOWS\WinSxS\amd64_microsoft.windows.common-controls_6595b64144ccf1df_6.0.26100.3037_none_3e09262ce333c378\COMCTL32.dll
0x00007ffd0e5c0000 - 0x00007ffd0e5e7000 	C:\WINDOWS\System32\win32u.dll
0x00007ffd0f890000 - 0x00007ffd0f939000 	C:\WINDOWS\System32\msvcrt.dll
0x00007ffd100e0000 - 0x00007ffd1010a000 	C:\WINDOWS\System32\GDI32.dll
0x00007ffd0deb0000 - 0x00007ffd0dfdb000 	C:\WINDOWS\System32\gdi32full.dll
0x00007ffd0e0a0000 - 0x00007ffd0e143000 	C:\WINDOWS\System32\msvcp_win.dll
0x00007ffd0f850000 - 0x00007ffd0f87f000 	C:\WINDOWS\System32\IMM32.DLL
0x00007ffd08180000 - 0x00007ffd0818c000 	C:\Program Files\Java\jdk-23\bin\vcruntime140_1.dll
0x00007ffc9b530000 - 0x00007ffc9b5be000 	C:\Program Files\Java\jdk-23\bin\msvcp140.dll
0x00007ffc5bd90000 - 0x00007ffc5cae0000 	C:\Program Files\Java\jdk-23\bin\server\jvm.dll
0x00007ffd0ed90000 - 0x00007ffd0ee44000 	C:\WINDOWS\System32\ADVAPI32.dll
0x00007ffd10030000 - 0x00007ffd100d6000 	C:\WINDOWS\System32\sechost.dll
0x00007ffd0fcc0000 - 0x00007ffd0fdd6000 	C:\WINDOWS\System32\RPCRT4.dll
0x00007ffd0f590000 - 0x00007ffd0f604000 	C:\WINDOWS\System32\WS2_32.dll
0x00007ffd0c840000 - 0x00007ffd0c88e000 	C:\WINDOWS\SYSTEM32\POWRPROF.dll
0x00007ffd03650000 - 0x00007ffd0365b000 	C:\WINDOWS\SYSTEM32\VERSION.dll
0x00007ffcfce20000 - 0x00007ffcfce56000 	C:\WINDOWS\SYSTEM32\WINMM.dll
0x00007ffd0c820000 - 0x00007ffd0c834000 	C:\WINDOWS\SYSTEM32\UMPDC.dll
0x00007ffd0caf0000 - 0x00007ffd0cb0a000 	C:\WINDOWS\SYSTEM32\kernel.appcore.dll
0x00007ffd07010000 - 0x00007ffd0701a000 	C:\Program Files\Java\jdk-23\bin\jimage.dll
0x00007ffcffc90000 - 0x00007ffcffed1000 	C:\WINDOWS\SYSTEM32\DBGHELP.DLL
0x00007ffd10470000 - 0x00007ffd107ee000 	C:\WINDOWS\System32\combase.dll
0x00007ffd10390000 - 0x00007ffd10466000 	C:\WINDOWS\System32\OLEAUT32.dll
0x00007ffcff060000 - 0x00007ffcff099000 	C:\WINDOWS\SYSTEM32\dbgcore.DLL
0x00007ffd0e520000 - 0x00007ffd0e5b9000 	C:\WINDOWS\System32\bcryptPrimitives.dll
0x00007ffcea230000 - 0x00007ffcea24e000 	C:\Program Files\Java\jdk-23\bin\java.dll
0x00007ffd0fa20000 - 0x00007ffd0fbb5000 	C:\WINDOWS\System32\ole32.dll
0x00007ffd0ee50000 - 0x00007ffd0f554000 	C:\WINDOWS\System32\SHELL32.dll

dbghelp: loaded successfully - version: 4.0.5 - missing functions: none
symbol engine: initialized successfully - sym options: 0x614 - pdb path: .;C:\Program Files\Java\jdk-23\bin;C:\WINDOWS\SYSTEM32;C:\Program Files\Norton\Suite;C:\WINDOWS\WinSxS\amd64_microsoft.windows.common-controls_6595b64144ccf1df_6.0.26100.3037_none_3e09262ce333c378;C:\Program Files\Java\jdk-23\bin\server

VM Arguments:
jvm_args: -Dnet.bytebuddy.agent.attacher.dump= 
java_command: net.bytebuddy.agent.Attacher com.sun.tools.attach.VirtualMachine 2156 C:\Users\Peter\.m2\repository\net\bytebuddy\byte-buddy-agent\1.15.11\byte-buddy-agent-1.15.11.jar false 
java_class_path (initial): C:\Users\Peter\.m2\repository\net\bytebuddy\byte-buddy-agent\1.15.11\byte-buddy-agent-1.15.11.jar
Launcher Type: SUN_STANDARD

[Global flags]
     intx CICompilerCount                          = 4                                         {product} {ergonomic}
     uint ConcGCThreads                            = 3                                         {product} {ergonomic}
     uint G1ConcRefinementThreads                  = 10                                        {product} {ergonomic}
   size_t G1HeapRegionSize                         = 2097152                                   {product} {ergonomic}
   size_t InitialHeapSize                          = 266338304                                 {product} {ergonomic}
   size_t MarkStackSize                            = 4194304                                   {product} {ergonomic}
   size_t MarkStackSizeMax                         = 536870912                                 {product} {ergonomic}
   size_t MaxHeapSize                              = 4248829952                                {product} {ergonomic}
   size_t MinHeapDeltaBytes                        = 2097152                                   {product} {ergonomic}
   size_t MinHeapSize                              = 8388608                                   {product} {ergonomic}
    uintx NonNMethodCodeHeapSize                   = 5832704                                {pd product} {ergonomic}
    uintx NonProfiledCodeHeapSize                  = 122945536                              {pd product} {ergonomic}
    uintx ProfiledCodeHeapSize                     = 122880000                              {pd product} {ergonomic}
    uintx ReservedCodeCacheSize                    = 251658240                              {pd product} {ergonomic}
     bool SegmentedCodeCache                       = true                                      {product} {ergonomic}
   size_t SoftMaxHeapSize                          = 4248829952                             {manageable} {ergonomic}
     bool UseCompressedOops                        = true                           {product lp64_product} {ergonomic}
     bool UseG1GC                                  = true                                      {product} {ergonomic}
     bool UseLargePagesIndividualAllocation        = false                                  {pd product} {ergonomic}

Logging:
Log output configuration:
 #0: stdout all=warning uptime,level,tags foldmultilines=false
 #1: stderr all=off uptime,level,tags foldmultilines=false

Environment Variables:
JAVA_HOME=C:\Program Files\Java\jdk-23
PATH=C:\Program Files\Common Files\Oracle\Java\javapath;C:\ProgramData\Oracle\Java\javapath;C:\Windows\system32;C:\Windows;C:\Windows\System32\Wbem;C:\Windows\System32\WindowsPowerShell\v1.0\;C:\Windows\System32\OpenSSH\;C:\Program Files (x86)\NVIDIA Corporation\PhysX\Common;C:\WINDOWS\system32;C:\WINDOWS;C:\WINDOWS\System32\Wbem;C:\WINDOWS\System32\WindowsPowerShell\v1.0\;C:\WINDOWS\System32\OpenSSH\;C:\Program Files\Microsoft SQL Server\Client SDK\ODBC\130\Tools\Binn\;C:\Program Files (x86)\Microsoft SQL Server\140\Tools\Binn\;C:\Program Files\Microsoft SQL Server\140\Tools\Binn\;C:\Program Files\Microsoft SQL Server\140\DTS\Binn\;C:\Program Files\Microsoft SQL Server\Client SDK\ODBC\170\Tools\Binn\;C:\WINDOWS\system32;C:\WINDOWS;C:\WINDOWS\System32\Wbem;C:\WINDOWS\System32\WindowsPowerShell\v1.0\;C:\WINDOWS\System32\OpenSSH\;C:\Program Files\dotnet\;C:\Program Files\nodejs\;C:\Program Files\Git\cmd;C:\Program Files\NVIDIA Corporation\NVIDIA app\NvDLISR;C:\Program Files (x86)\Windows Kits\10\Windows Performance Toolkit\;C:\Program Files\OpenSSL-Win64\bin;D:\University\Final Sem\ACL\apache-maven-3.9.9-bin\apache-maven-3.9.9\bin;C:\Program Files\Docker\Docker\resources\bin;%JAVA_HOME%\bin;C:\Users\Peter\AppData\Local\Programs\Eclipse Adoptium\jdk-17.0.9.9-hotspot\bin;C:\Users\Peter\AppData\Local\Microsoft\WindowsApps;C:\Users\Peter\AppData\Local\Programs\Microsoft VS Code\bin;C:\Users\Peter\AppData\Roaming\npm;C:\Users\Peter\AppData\Local\GitHubDesktop\bin;;C:\Program Files\JetBrains\IntelliJ IDEA 2024.3.2.2\bin;
USERNAME=Peter
OS=Windows_NT
PROCESSOR_IDENTIFIER=Intel64 Family 6 Model 165 Stepping 2, GenuineIntel
TMP=C:\Users\Peter\AppData\Local\Temp
TEMP=C:\Users\Peter\AppData\Local\Temp




Periodic native trim disabled

---------------  S Y S T E M  ---------------

OS:
 Windows 11 , 64 bit Build 26100 (10.0.26100.3037)
OS uptime: 6 days 15:53 hours
Hyper-V role detected

CPU: total 12 (initial active 12) (6 cores per cpu, 2 threads per core) family 6 model 165 stepping 2 microcode 0xe2, cx8, cmov, fxsr, ht, mmx, 3dnowpref, sse, sse2, sse3, ssse3, sse4.1, sse4.2, popcnt, lzcnt, tsc, tscinvbit, avx, avx2, aes, erms, clmul, bmi1, bmi2, adx, fma, vzeroupper, clflush, clflushopt, hv, rdtscp, f16c
Processor Information for the first 12 processors :
  Max Mhz: 2592, Current Mhz: 2592, Mhz Limit: 2592

Memory: 4k page, system-wide physical 16204M (4583M free)
TotalPageFile size 18252M (AvailPageFile size 97M)
current process WorkingSet (physical memory assigned to process): 13M, peak: 13M
current process commit charge ("private bytes"): 65M, peak: 319M

vm_info: Java HotSpot(TM) 64-Bit Server VM (23.0.2+7-58) for windows-amd64 JRE (23.0.2+7-58), built on 2024-11-29T09:34:55Z with MS VC++ 17.6 (VS2022)

END.
